<?xml version="1.0" encoding="UTF-8"?>
<!-- Generated by org.testng.reporters.JUnitReportReporter -->
<testsuite skipped="0" hostname="Vedangs-Mini" name="coding.Assignment1.IntersectionATest" tests="4" failures="0" timestamp="27 Jun 2019 21:52:41 GMT" time="0.032" errors="0">
  <testcase name="negative" time="0.007" classname="coding.Assignment1.IntersectionATest"/>
  <testcase name="zero" time="0.002" classname="coding.Assignment1.IntersectionATest"/>
  <testcase name="positive" time="0.003" classname="coding.Assignment1.IntersectionATest"/>
  <testcase name="emptynull" time="0.020" classname="coding.Assignment1.IntersectionATest"/>
</testsuite> <!-- coding.Assignment1.IntersectionATest -->
