<?xml version="1.0" encoding="UTF-8"?>
<!-- Generated by org.testng.reporters.JUnitReportReporter -->
<testsuite skipped="0" hostname="Vedangs-Mini" name="coding.Assignment1.IntersectionATest" tests="7" failures="0" timestamp="28 Jun 2019 23:41:18 GMT" time="0.047" errors="0">
  <testcase name="empty" time="0.002" classname="coding.Assignment1.IntersectionATest"/>
  <testcase name="zero" time="0.002" classname="coding.Assignment1.IntersectionATest"/>
  <testcase name="nullArr" time="0.018" classname="coding.Assignment1.IntersectionATest"/>
  <testcase name="negative" time="0.001" classname="coding.Assignment1.IntersectionATest"/>
  <testcase name="combiPosNegz" time="0.020" classname="coding.Assignment1.IntersectionATest"/>
  <testcase name="positive" time="0.002" classname="coding.Assignment1.IntersectionATest"/>
  <testcase name="zerko" time="0.002" classname="coding.Assignment1.IntersectionATest"/>
</testsuite> <!-- coding.Assignment1.IntersectionATest -->
