<?xml version="1.0" encoding="UTF-8"?>
<!-- Generated by org.testng.reporters.JUnitReportReporter -->
<testsuite skipped="0" hostname="Vedangs-Mini" name="coding.Assignment1.FirstRcTest" tests="5" failures="0" timestamp="27 Jun 2019 17:23:13 GMT" time="0.020" errors="0">
  <testcase name="nullStr" time="0.002" classname="coding.Assignment1.FirstRcTest"/>
  <testcase name="valid" time="0.001" classname="coding.Assignment1.FirstRcTest"/>
  <testcase name="sStr" time="0.001" classname="coding.Assignment1.FirstRcTest"/>
  <testcase name="inValid" time="0.014" classname="coding.Assignment1.FirstRcTest"/>
  <testcase name="wsStr" time="0.002" classname="coding.Assignment1.FirstRcTest"/>
</testsuite> <!-- coding.Assignment1.FirstRcTest -->
