<?xml version="1.0" encoding="UTF-8"?>
<!-- Generated by org.testng.reporters.JUnitReportReporter -->
<testsuite skipped="0" hostname="Vedangs-Mini" name="coding.Assignment1.ShuffleHpTest" tests="6" failures="0" timestamp="20 Jun 2019 00:08:59 GMT" time="0.039" errors="0">
  <testcase name="inValidString" time="0.003" classname="coding.Assignment1.ShuffleHpTest"/>
  <testcase name="negIntString" time="0.003" classname="coding.Assignment1.ShuffleHpTest"/>
  <testcase name="intString" time="0.003" classname="coding.Assignment1.ShuffleHpTest"/>
  <testcase name="emptyString" time="0.022" classname="coding.Assignment1.ShuffleHpTest"/>
  <testcase name="nullString" time="0.003" classname="coding.Assignment1.ShuffleHpTest"/>
  <testcase name="validString" time="0.005" classname="coding.Assignment1.ShuffleHpTest"/>
</testsuite> <!-- coding.Assignment1.ShuffleHpTest -->
