<?xml version="1.0" encoding="UTF-8"?>
<!-- Generated by org.testng.reporters.JUnitReportReporter -->
<testsuite skipped="0" hostname="Vedangs-Mini" name="coding.Assignment1.ShuffleHpTest" tests="6" failures="0" timestamp="19 Jun 2019 19:49:51 GMT" time="0.057" errors="0">
  <testcase name="inValidString" time="0.011" classname="coding.Assignment1.ShuffleHpTest"/>
  <testcase name="negIntString" time="0.004" classname="coding.Assignment1.ShuffleHpTest"/>
  <testcase name="intString" time="0.005" classname="coding.Assignment1.ShuffleHpTest"/>
  <testcase name="emptyString" time="0.024" classname="coding.Assignment1.ShuffleHpTest"/>
  <testcase name="nullString" time="0.007" classname="coding.Assignment1.ShuffleHpTest"/>
  <testcase name="validString" time="0.006" classname="coding.Assignment1.ShuffleHpTest"/>
</testsuite> <!-- coding.Assignment1.ShuffleHpTest -->
