<?xml version="1.0" encoding="UTF-8"?>
<!-- Generated by org.testng.reporters.JUnitReportReporter -->
<testsuite skipped="0" hostname="Vedangs-Mini" name="coding.Assignment1.FirstRcTest" tests="5" failures="0" timestamp="20 Jun 2019 22:18:53 GMT" time="0.032" errors="0">
  <testcase name="nullStr" time="0.005" classname="coding.Assignment1.FirstRcTest"/>
  <testcase name="valid" time="0.002" classname="coding.Assignment1.FirstRcTest"/>
  <testcase name="sStr" time="0.003" classname="coding.Assignment1.FirstRcTest"/>
  <testcase name="inValid" time="0.015" classname="coding.Assignment1.FirstRcTest"/>
  <testcase name="wsStr" time="0.007" classname="coding.Assignment1.FirstRcTest"/>
</testsuite> <!-- coding.Assignment1.FirstRcTest -->
