<?xml version="1.0" encoding="UTF-8"?>
<!-- Generated by org.testng.reporters.JUnitReportReporter -->
<testsuite skipped="0" hostname="Vedangs-Mini" name="coding.Assignment1.AnagramTest" tests="4" failures="0" timestamp="20 Jun 2019 19:35:11 GMT" time="0.028" errors="0">
  <testcase name="npValid" time="0.002" classname="coding.Assignment1.AnagramTest"/>
  <testcase name="validCaps" time="0.002" classname="coding.Assignment1.AnagramTest"/>
  <testcase name="valid" time="0.002" classname="coding.Assignment1.AnagramTest"/>
  <testcase name="inValid" time="0.022" classname="coding.Assignment1.AnagramTest"/>
</testsuite> <!-- coding.Assignment1.AnagramTest -->
