<?xml version="1.0" encoding="UTF-8"?>
<!-- Generated by org.testng.reporters.JUnitReportReporter -->
<testsuite skipped="0" hostname="Vedangs-Mini" name="coding.Assignment1.ReverseStringWTest" tests="3" failures="0" timestamp="21 Jun 2019 00:38:57 GMT" time="0.020" errors="0">
  <testcase name="nullString" time="0.003" classname="coding.Assignment1.ReverseStringWTest"/>
  <testcase name="validString" time="0.002" classname="coding.Assignment1.ReverseStringWTest"/>
  <testcase name="inValidString" time="0.015" classname="coding.Assignment1.ReverseStringWTest"/>
</testsuite> <!-- coding.Assignment1.ReverseStringWTest -->
