<?xml version="1.0" encoding="UTF-8"?>
<!-- Generated by org.testng.reporters.JUnitReportReporter -->
<testsuite skipped="0" hostname="Vedangs-Mini" name="Coding.Practice.Collectest1" tests="3" failures="0" timestamp="05 Jun 2019 23:52:46 GMT" time="0.034" errors="0">
  <testcase name="negative" time="0.023" classname="Coding.Practice.Collectest1"/>
  <testcase name="positive" time="0.002" classname="Coding.Practice.Collectest1"/>
  <testcase name="nullvalue" time="0.009" classname="Coding.Practice.Collectest1"/>
</testsuite> <!-- Coding.Practice.Collectest1 -->
