<?xml version="1.0" encoding="UTF-8"?>
<!-- Generated by org.testng.reporters.JUnitReportReporter -->
<testsuite skipped="0" hostname="Vedangs-Mini" name="Coding.Practice.Collectest1" tests="3" failures="0" timestamp="05 Jun 2019 00:28:00 GMT" time="0.023" errors="0">
  <testcase name="test" time="0.015" classname="Coding.Practice.Collectest1"/>
  <testcase name="test3" time="0.005" classname="Coding.Practice.Collectest1"/>
  <testcase name="test2" time="0.003" classname="Coding.Practice.Collectest1"/>
</testsuite> <!-- Coding.Practice.Collectest1 -->
